TN:
SF:src\index.ts
FN:14,(anonymous_4)
FNF:1
FNH:1
FNDA:11,(anonymous_4)
DA:2,2
DA:3,2
DA:4,2
DA:6,2
DA:7,2
DA:9,2
DA:12,2
DA:15,11
DA:16,11
DA:20,2
LF:10
LH:10
BRF:0
BRH:0
end_of_record
TN:
SF:src\services\balance.ts
FN:5,(anonymous_0)
FNF:1
FNH:1
FNDA:3,(anonymous_0)
DA:1,2
DA:4,2
DA:6,3
LF:3
LH:3
BRF:0
BRH:0
end_of_record
TN:
SF:src\services\transaction.ts
FN:13,(anonymous_0)
FN:17,(anonymous_1)
FN:21,(anonymous_2)
FN:25,(anonymous_3)
FNF:4
FNH:4
FNDA:2,(anonymous_0)
FNDA:2,(anonymous_1)
FNDA:2,(anonymous_2)
FNDA:2,(anonymous_3)
DA:1,2
DA:12,2
DA:14,2
DA:18,2
DA:22,2
DA:26,2
LF:6
LH:6
BRF:0
BRH:0
end_of_record
TN:
SF:src\types\config.ts
FNF:0
FNH:0
DA:6,2
LF:1
LH:1
BRF:0
BRH:0
end_of_record
TN:
SF:src\types\index.ts
FNF:0
FNH:0
DA:1,2
DA:2,2
DA:3,2
DA:4,2
LF:4
LH:4
BRF:0
BRH:0
end_of_record
TN:
SF:src\utils\error-handler.ts
FN:5,(anonymous_0)
FN:15,handleApiError
FNF:2
FNH:2
FNDA:6,(anonymous_0)
FNDA:6,handleApiError
DA:4,2
DA:7,6
DA:8,6
DA:10,6
DA:11,6
DA:15,2
DA:16,6
DA:17,5
DA:18,5
DA:23,5
DA:26,1
DA:27,1
DA:30,0
LF:13
LH:12
BRDA:16,0,0,5
BRDA:19,1,0,5
BRDA:19,1,1,0
BRDA:26,2,0,1
BRF:4
BRH:3
end_of_record
TN:
SF:src\utils\http-client.ts
FN:8,(anonymous_1)
FN:20,(anonymous_2)
FN:22,(anonymous_3)
FN:23,(anonymous_4)
FN:27,(anonymous_5)
FN:32,(anonymous_6)
FNF:6
FNH:5
FNDA:22,(anonymous_1)
FNDA:22,(anonymous_2)
FNDA:0,(anonymous_3)
FNDA:6,(anonymous_4)
FNDA:5,(anonymous_5)
FNDA:6,(anonymous_6)
DA:1,2
DA:2,2
DA:3,2
DA:5,2
DA:9,22
DA:17,22
DA:21,22
DA:22,0
DA:23,6
DA:28,5
DA:29,2
DA:33,6
DA:34,3
LF:13
LH:12
BRDA:10,0,0,22
BRDA:10,0,1,0
BRF:2
BRH:1
end_of_record
